<?xml version="1.0" encoding="UTF-8"?>
<!-- Generated by org.testng.reporters.JUnitReportReporter -->
<testsuite hostname="INBA-NB025" failures="0" tests="1" name="camapign.Createcampwithcreatedproduct" time="36.713" errors="0" timestamp="2023-08-17T19:13:16 IST" skipped="0">
  <testcase classname="camapign.Createcampwithcreatedproduct" name="createcampwithcreatedproduct" time="36.713"/>
  <system-out/>
</testsuite> <!-- camapign.Createcampwithcreatedproduct -->
