<?xml version="1.0" encoding="UTF-8"?>
<!-- Generated by org.testng.reporters.JUnitReportReporter -->
<testsuite hostname="INBA-NB025" failures="0" tests="3" name="testNG.Dependson" time="0.020" errors="0" timestamp="2023-08-11T06:41:24 IST" skipped="0">
  <testcase classname="testNG.Dependson" name="CreateProduct" time="0.016"/>
  <system-out/>
  <testcase classname="testNG.Dependson" name="modifyProduct" time="0.003"/>
  <system-out/>
  <testcase classname="testNG.Dependson" name="deleteProduct" time="0.001"/>
  <system-out/>
</testsuite> <!-- testNG.Dependson -->
