<?xml version="1.0" encoding="UTF-8"?>
<!-- Generated by org.testng.reporters.JUnitReportReporter -->
<testsuite hostname="INBA-NB025" failures="0" tests="10" name="practice.Testngclass" time="0.061" errors="0" timestamp="2023-08-10T07:53:43 IST" skipped="1">
  <testcase classname="practice.Testngclass" name="m5" time="0.009"/>
  <system-out/>
  <testcase classname="practice.Testngclass" name="m5" time="0.007"/>
  <system-out/>
  <testcase classname="practice.Testngclass" name="m5" time="0.001"/>
  <system-out/>
  <testcase classname="practice.Testngclass" name="m5" time="0.003"/>
  <system-out/>
  <testcase classname="practice.Testngclass" name="m5" time="0.002"/>
  <system-out/>
  <testcase classname="practice.Testngclass" name="m4" time="0.002"/>
  <system-out/>
  <testcase classname="practice.Testngclass" name="m4" time="0.025"/>
  <system-out/>
  <testcase classname="practice.Testngclass" name="m1" time="0.011"/>
  <system-out/>
  <testcase classname="practice.Testngclass" name="m2" time="0.001"/>
  <system-out/>
  <testcase classname="practice.Testngclass" name="m3">
    <skipped/>
  </testcase> <!-- m3 -->
  <system-out/>
</testsuite> <!-- practice.Testngclass -->
