<?xml version="1.0" encoding="UTF-8"?>
<!-- Generated by org.testng.reporters.JUnitReportReporter -->
<testsuite hostname="INBA-NB025" failures="0" tests="1" name="organisation.CreateOrgfromDDT" time="24.324" errors="0" timestamp="2023-08-18T08:20:48 IST" skipped="0">
  <testcase classname="organisation.CreateOrgfromDDT" name="createOrgfromDDT" time="24.324"/>
  <system-out/>
</testsuite> <!-- organisation.CreateOrgfromDDT -->
