<?xml version="1.0" encoding="UTF-8"?>
<!-- Generated by org.testng.reporters.JUnitReportReporter -->
<testsuite hostname="INBA-NB025" failures="0" tests="2" name="practice.DataproviderEx1" time="0.012" errors="0" timestamp="2023-08-15T07:43:53 IST" skipped="0">
  <testcase classname="practice.DataproviderEx1" name="bookFlightTickets" time="0.011"/>
  <system-out/>
  <testcase classname="practice.DataproviderEx1" name="bookFlightTickets" time="0.001"/>
  <system-out/>
</testsuite> <!-- practice.DataproviderEx1 -->
