<?xml version="1.0" encoding="UTF-8"?>
<!-- Generated by org.testng.reporters.JUnitReportReporter -->
<testsuite hostname="INBA-NB025" failures="0" tests="3" name="practice.DataproviderVtiger" time="47.218" errors="0" timestamp="2023-08-15T09:01:59 IST" skipped="0">
  <testcase classname="practice.DataproviderVtiger" name="launchVtiger" time="16.245"/>
  <system-out/>
  <testcase classname="practice.DataproviderVtiger" name="launchVtiger" time="16.500"/>
  <system-out/>
  <testcase classname="practice.DataproviderVtiger" name="launchVtiger" time="14.473"/>
  <system-out/>
</testsuite> <!-- practice.DataproviderVtiger -->
